<?xml version="1.0" encoding="UTF-8"?>
<testsuite name="ejemplo.MyTest" tests="1" skipped="0" failures="0" errors="0" timestamp="2014-12-17T20:19:21" hostname="dev10-PC" time="0.002">
  <properties/>
  <testcase name="test" classname="ejemplo.MyTest" time="0.002"/>
  <system-out><![CDATA[]]></system-out>
  <system-err><![CDATA[]]></system-err>
</testsuite>
