<?xml version="1.0" encoding="UTF-8"?>
<testsuite name="controller.OrderProcessTest" tests="1" skipped="0" failures="0" errors="0" timestamp="2014-12-17T20:31:01" hostname="dev10-PC" time="0.062">
  <properties/>
  <testcase name="processTest" classname="controller.OrderProcessTest" time="0.062"/>
  <system-out><![CDATA[USER ALLOWED
]]></system-out>
  <system-err><![CDATA[]]></system-err>
</testsuite>
