<?xml version="1.0" encoding="UTF-8"?>
<testsuite name="ejemplo.FibonacciTest" tests="4" skipped="0" failures="0" errors="0" timestamp="2014-12-17T20:31:01" hostname="dev10-PC" time="0.001">
  <properties/>
  <testcase name="testFibonacci[0]" classname="ejemplo.FibonacciTest" time="0.0"/>
  <testcase name="testFibonacci[1]" classname="ejemplo.FibonacciTest" time="0.0"/>
  <testcase name="testFibonacci[2]" classname="ejemplo.FibonacciTest" time="0.0"/>
  <testcase name="testFibonacci[3]" classname="ejemplo.FibonacciTest" time="0.0"/>
  <system-out><![CDATA[]]></system-out>
  <system-err><![CDATA[]]></system-err>
</testsuite>
