<?xml version="1.0" encoding="UTF-8"?>
<testsuite name="arraylist.TestStringArrayUtils" tests="6" skipped="0" failures="0" errors="0" timestamp="2014-12-17T20:31:01" hostname="dev10-PC" time="0.008">
  <properties/>
  <testcase name="initTest" classname="arraylist.TestStringArrayUtils" time="0.003"/>
  <testcase name="getLengthTest" classname="arraylist.TestStringArrayUtils" time="0.002"/>
  <testcase name="getIndexOfTest2" classname="arraylist.TestStringArrayUtils" time="0.0"/>
  <testcase name="getIndexOfTest3" classname="arraylist.TestStringArrayUtils" time="0.0"/>
  <testcase name="getIndexOfTest" classname="arraylist.TestStringArrayUtils" time="0.0"/>
  <testcase name="getTotalLengthTest" classname="arraylist.TestStringArrayUtils" time="0.001"/>
  <system-out><![CDATA[]]></system-out>
  <system-err><![CDATA[]]></system-err>
</testsuite>
