<?xml version="1.0" encoding="UTF-8"?>
<testsuite name="ejemplo.HiNemoServletTest" tests="2" skipped="0" failures="0" errors="0" timestamp="2014-12-17T20:31:01" hostname="dev10-PC" time="0.103">
  <properties/>
  <testcase name="testDoGet" classname="ejemplo.HiNemoServletTest" time="0.009"/>
  <testcase name="testDoGet" classname="ejemplo.HiNemoServletTest" time="0.0"/>
  <system-out><![CDATA[Inicio test principal.
Fin test principal.
]]></system-out>
  <system-err><![CDATA[]]></system-err>
</testsuite>
